⚠ The "middleware" file convention is deprecated. Please use "proxy" instead. Learn more: https://nextjs.org/docs/messages/middleware-to-proxy
[browser] Image with src "/assets/cultures/cafe.webp" has "fill" but is missing "sizes" prop. Please add it to improve page performance. Read more: https://nextjs.org/docs/api-reference/next/image#sizes (file://C:/Users/Dell G15/OneDrive/Desktop/projeto juma/.next/dev/static/chunks/node_modules_next_dist_115brz8._.js:2477:13)
[browser] Image with src "/assets/cultures/soja.webp" has "fill" but is missing "sizes" prop. Please add it to improve page performance. Read more: https://nextjs.org/docs/api-reference/next/image#sizes (file://C:/Users/Dell G15/OneDrive/Desktop/projeto juma/.next/dev/static/chunks/node_modules_next_dist_115brz8._.js:2477:13)
[browser] Image with src "/assets/cultures/cana.webp" has "fill" but is missing "sizes" prop. Please add it to improve page performance. Read more: https://nextjs.org/docs/api-reference/next/image#sizes (file://C:/Users/Dell G15/OneDrive/Desktop/projeto juma/.next/dev/static/chunks/node_modules_next_dist_115brz8._.js:2477:13)
[browser] Image with src "/assets/cultures/algodao.webp" has "fill" but is missing "sizes" prop. Please add it to improve page performance. Read more: https://nextjs.org/docs/api-reference/next/image#sizes (file://C:/Users/Dell G15/OneDrive/Desktop/projeto juma/.next/dev/static/chunks/node_modules_next_dist_115brz8._.js:2477:13)
[browser] Image with src "/assets/cultures/milho.webp" has "fill" but is missing "sizes" prop. Please add it to improve page performance. Read more: https://nextjs.org/docs/api-reference/next/image#sizes (file://C:/Users/Dell G15/OneDrive/Desktop/projeto juma/.next/dev/static/chunks/node_modules_next_dist_115brz8._.js:2477:13)
[browser] Image with src "/assets/cultures/batata.webp" has "fill" but is missing "sizes" prop. Please add it to improve page performance. Read more: https://nextjs.org/docs/api-reference/next/image#sizes (file://C:/Users/Dell G15/OneDrive/Desktop/projeto juma/.next/dev/static/chunks/node_modules_next_dist_115brz8._.js:2477:13)
[browser] Image with src "/assets/cultures/tomate.webp" has "fill" but is missing "sizes" prop. Please add it to improve page performance. Read more: https://nextjs.org/docs/api-reference/next/image#sizes (file://C:/Users/Dell G15/OneDrive/Desktop/projeto juma/.next/dev/static/chunks/node_modules_next_dist_115brz8._.js:2477:13)
[browser] Image with src "/assets/cultures/pastagem.webp" has "fill" but is missing "sizes" prop. Please add it to improve page performance. Read more: https://nextjs.org/docs/api-reference/next/image#sizes (file://C:/Users/Dell G15/OneDrive/Desktop/projeto juma/.next/dev/static/chunks/node_modules_next_dist_115brz8._.js:2477:13)
[browser] Image with src "/assets/cultures/limao.webp" has "fill" but is missing "sizes" prop. Please add it to improve page performance. Read more: https://nextjs.org/docs/api-reference/next/image#sizes (file://C:/Users/Dell G15/OneDrive/Desktop/projeto juma/.next/dev/static/chunks/node_modules_next_dist_115brz8._.js:2477:13)
[browser] Image with src "/assets/cultures/feijao.webp" has "fill" but is missing "sizes" prop. Please add it to improve page performance. Read more: https://nextjs.org/docs/api-reference/next/image#sizes (file://C:/Users/Dell G15/OneDrive/Desktop/projeto juma/.next/dev/static/chunks/node_modules_next_dist_115brz8._.js:2477:13)
[browser] Image with src "/assets/cultures/soja.webp" has "fill" but is missing "sizes" prop. Please add it to improve page performance. Read more: https://nextjs.org/docs/api-reference/next/image#sizes (file://C:/Users/Dell G15/OneDrive/Desktop/projeto juma/.next/dev/static/chunks/node_modules_next_dist_115brz8._.js:2477:13)
[browser] Image with src "/assets/cultures/milho.webp" has "fill" but is missing "sizes" prop. Please add it to improve page performance. Read more: https://nextjs.org/docs/api-reference/next/image#sizes (file://C:/Users/Dell G15/OneDrive/Desktop/projeto juma/.next/dev/static/chunks/node_modules_next_dist_115brz8._.js:2477:13)
[browser] Image with src "/assets/cultures/cafe.webp" has "fill" but is missing "sizes" prop. Please add it to improve page performance. Read more: https://nextjs.org/docs/api-reference/next/image#sizes (file://C:/Users/Dell G15/OneDrive/Desktop/projeto juma/.next/dev/static/chunks/node_modules_next_dist_115brz8._.js:2477:13)
[browser] Image with src "/assets/cultures/cana.webp" has "fill" but is missing "sizes" prop. Please add it to improve page performance. Read more: https://nextjs.org/docs/api-reference/next/image#sizes (file://C:/Users/Dell G15/OneDrive/Desktop/projeto juma/.next/dev/static/chunks/node_modules_next_dist_115brz8._.js:2477:13)
[browser] Image with src "/assets/cultures/algodao.webp" has "fill" but is missing "sizes" prop. Please add it to improve page performance. Read more: https://nextjs.org/docs/api-reference/next/image#sizes (file://C:/Users/Dell G15/OneDrive/Desktop/projeto juma/.next/dev/static/chunks/node_modules_next_dist_115brz8._.js:2477:13)
[browser] Image with src "/assets/cultures/feijao.webp" has "fill" but is missing "sizes" prop. Please add it to improve page performance. Read more: https://nextjs.org/docs/api-reference/next/image#sizes (file://C:/Users/Dell G15/OneDrive/Desktop/projeto juma/.next/dev/static/chunks/node_modules_next_dist_115brz8._.js:2477:13)
[browser] Image with src "/assets/cultures/limao.webp" has "fill" but is missing "sizes" prop. Please add it to improve page performance. Read more: https://nextjs.org/docs/api-reference/next/image#sizes (file://C:/Users/Dell G15/OneDrive/Desktop/projeto juma/.next/dev/static/chunks/node_modules_next_dist_115brz8._.js:2477:13)
[browser] Image with src "/brand/logo-juma-agro.png" was detected as the Largest Contentful Paint (LCP). Please add the `loading="eager"` property if this image is above the fold.
Read more: https://nextjs.org/docs/app/api-reference/components/image#loading (file://C:/Users/Dell G15/OneDrive/Desktop/projeto juma/.next/dev/static/chunks/node_modules_next_dist_115brz8._.js:2477:13)
[browser] Image with src "/assets/cultures/batata.webp" has "fill" but is missing "sizes" prop. Please add it to improve page performance. Read more: https://nextjs.org/docs/api-reference/next/image#sizes (file://C:/Users/Dell G15/OneDrive/Desktop/projeto juma/.next/dev/static/chunks/node_modules_next_dist_115brz8._.js:2477:13)
[browser] Image with src "/assets/cultures/tomate.webp" has "fill" but is missing "sizes" prop. Please add it to improve page performance. Read more: https://nextjs.org/docs/api-reference/next/image#sizes (file://C:/Users/Dell G15/OneDrive/Desktop/projeto juma/.next/dev/static/chunks/node_modules_next_dist_115brz8._.js:2477:13)
[browser] Image with src "/assets/cultures/pastagem.webp" has "fill" but is missing "sizes" prop. Please add it to improve page performance. Read more: https://nextjs.org/docs/api-reference/next/image#sizes (file://C:/Users/Dell G15/OneDrive/Desktop/projeto juma/.next/dev/static/chunks/node_modules_next_dist_115brz8._.js:2477:13)
⚠ Fast Refresh had to perform a full reload due to a runtime error.
[browser] Image with src "/assets/cultures/soja.webp" has "fill" but is missing "sizes" prop. Please add it to improve page performance. Read more: https://nextjs.org/docs/api-reference/next/image#sizes (file://C:/Users/Dell G15/OneDrive/Desktop/projeto juma/.next/dev/static/chunks/node_modules_next_dist_115brz8._.js:2477:13)
[browser] Image with src "/assets/cultures/milho.webp" has "fill" but is missing "sizes" prop. Please add it to improve page performance. Read more: https://nextjs.org/docs/api-reference/next/image#sizes (file://C:/Users/Dell G15/OneDrive/Desktop/projeto juma/.next/dev/static/chunks/node_modules_next_dist_115brz8._.js:2477:13)
[browser] Image with src "/assets/cultures/cafe.webp" has "fill" but is missing "sizes" prop. Please add it to improve page performance. Read more: https://nextjs.org/docs/api-reference/next/image#sizes (file://C:/Users/Dell G15/OneDrive/Desktop/projeto juma/.next/dev/static/chunks/node_modules_next_dist_115brz8._.js:2477:13)
[browser] Image with src "/assets/cultures/cana.webp" has "fill" but is missing "sizes" prop. Please add it to improve page performance. Read more: https://nextjs.org/docs/api-reference/next/image#sizes (file://C:/Users/Dell G15/OneDrive/Desktop/projeto juma/.next/dev/static/chunks/node_modules_next_dist_115brz8._.js:2477:13)
[browser] Image with src "/assets/cultures/algodao.webp" has "fill" but is missing "sizes" prop. Please add it to improve page performance. Read more: https://nextjs.org/docs/api-reference/next/image#sizes (file://C:/Users/Dell G15/OneDrive/Desktop/projeto juma/.next/dev/static/chunks/node_modules_next_dist_115brz8._.js:2477:13)
[browser] Image with src "/assets/cultures/feijao.webp" has "fill" but is missing "sizes" prop. Please add it to improve page performance. Read more: https://nextjs.org/docs/api-reference/next/image#sizes (file://C:/Users/Dell G15/OneDrive/Desktop/projeto juma/.next/dev/static/chunks/node_modules_next_dist_115brz8._.js:2477:13)
[browser] Image with src "/assets/cultures/limao.webp" has "fill" but is missing "sizes" prop. Please add it to improve page performance. Read more: https://nextjs.org/docs/api-reference/next/image#sizes (file://C:/Users/Dell G15/OneDrive/Desktop/projeto juma/.next/dev/static/chunks/node_modules_next_dist_115brz8._.js:2477:13)
[browser] Image with src "/assets/cultures/batata.webp" has "fill" but is missing "sizes" prop. Please add it to improve page performance. Read more: https://nextjs.org/docs/api-reference/next/image#sizes (file://C:/Users/Dell G15/OneDrive/Desktop/projeto juma/.next/dev/static/chunks/node_modules_next_dist_115brz8._.js:2477:13)
[browser] Image with src "/assets/cultures/tomate.webp" has "fill" but is missing "sizes" prop. Please add it to improve page performance. Read more: https://nextjs.org/docs/api-reference/next/image#sizes (file://C:/Users/Dell G15/OneDrive/Desktop/projeto juma/.next/dev/static/chunks/node_modules_next_dist_115brz8._.js:2477:13)
[browser] Image with src "/assets/cultures/pastagem.webp" has "fill" but is missing "sizes" prop. Please add it to improve page performance. Read more: https://nextjs.org/docs/api-reference/next/image#sizes (file://C:/Users/Dell G15/OneDrive/Desktop/projeto juma/.next/dev/static/chunks/node_modules_next_dist_115brz8._.js:2477:13)
[browser] Image with src "/assets/cultures/soja.webp" has "fill" but is missing "sizes" prop. Please add it to improve page performance. Read more: https://nextjs.org/docs/api-reference/next/image#sizes (file://C:/Users/Dell G15/OneDrive/Desktop/projeto juma/.next/dev/static/chunks/node_modules_next_dist_115brz8._.js:2477:13)
[browser] Image with src "/assets/cultures/milho.webp" has "fill" but is missing "sizes" prop. Please add it to improve page performance. Read more: https://nextjs.org/docs/api-reference/next/image#sizes (file://C:/Users/Dell G15/OneDrive/Desktop/projeto juma/.next/dev/static/chunks/node_modules_next_dist_115brz8._.js:2477:13)
[browser] Image with src "/assets/cultures/cafe.webp" has "fill" but is missing "sizes" prop. Please add it to improve page performance. Read more: https://nextjs.org/docs/api-reference/next/image#sizes (file://C:/Users/Dell G15/OneDrive/Desktop/projeto juma/.next/dev/static/chunks/node_modules_next_dist_115brz8._.js:2477:13)
[browser] Image with src "/assets/cultures/cana.webp" has "fill" but is missing "sizes" prop. Please add it to improve page performance. Read more: https://nextjs.org/docs/api-reference/next/image#sizes (file://C:/Users/Dell G15/OneDrive/Desktop/projeto juma/.next/dev/static/chunks/node_modules_next_dist_115brz8._.js:2477:13)
[browser] Image with src "/assets/cultures/algodao.webp" has "fill" but is missing "sizes" prop. Please add it to improve page performance. Read more: https://nextjs.org/docs/api-reference/next/image#sizes (file://C:/Users/Dell G15/OneDrive/Desktop/projeto juma/.next/dev/static/chunks/node_modules_next_dist_115brz8._.js:2477:13)
[browser] Image with src "/assets/cultures/feijao.webp" has "fill" but is missing "sizes" prop. Please add it to improve page performance. Read more: https://nextjs.org/docs/api-reference/next/image#sizes (file://C:/Users/Dell G15/OneDrive/Desktop/projeto juma/.next/dev/static/chunks/node_modules_next_dist_115brz8._.js:2477:13)
[browser] Image with src "/assets/cultures/limao.webp" has "fill" but is missing "sizes" prop. Please add it to improve page performance. Read more: https://nextjs.org/docs/api-reference/next/image#sizes (file://C:/Users/Dell G15/OneDrive/Desktop/projeto juma/.next/dev/static/chunks/node_modules_next_dist_115brz8._.js:2477:13)
[browser] Image with src "/assets/cultures/batata.webp" has "fill" but is missing "sizes" prop. Please add it to improve page performance. Read more: https://nextjs.org/docs/api-reference/next/image#sizes (file://C:/Users/Dell G15/OneDrive/Desktop/projeto juma/.next/dev/static/chunks/node_modules_next_dist_115brz8._.js:2477:13)
[browser] Image with src "/assets/cultures/tomate.webp" has "fill" but is missing "sizes" prop. Please add it to improve page performance. Read more: https://nextjs.org/docs/api-reference/next/image#sizes (file://C:/Users/Dell G15/OneDrive/Desktop/projeto juma/.next/dev/static/chunks/node_modules_next_dist_115brz8._.js:2477:13)
[browser] Image with src "/assets/cultures/pastagem.webp" has "fill" but is missing "sizes" prop. Please add it to improve page performance. Read more: https://nextjs.org/docs/api-reference/next/image#sizes (file://C:/Users/Dell G15/OneDrive/Desktop/projeto juma/.next/dev/static/chunks/node_modules_next_dist_115brz8._.js:2477:13)
[browser] Error: MISSING_MESSAGE: Could not resolve `homeLineReveal` in messages for locale `pt-BR`.
    at getMessagesOrError (file://C:/Users/Dell G15/OneDrive/Desktop/projeto juma/.next/dev/static/chunks/node_modules_10_by0c._.js:3633:27)
    at createBaseTranslator (file://C:/Users/Dell G15/OneDrive/Desktop/projeto juma/.next/dev/static/chunks/node_modules_10_by0c._.js:3638:29)
    at useTranslationsImpl.useMemo[translate] (file://C:/Users/Dell G15/OneDrive/Desktop/projeto juma/.next/dev/static/chunks/node_modules_10_by0c._.js:4159:253)
    at mountMemo (file://C:/Users/Dell G15/OneDrive/Desktop/projeto juma/.next/dev/static/chunks/node_modules_next_dist_compiled_react-dom_058-ah~._.js:5393:25)
    at Object.useMemo (file://C:/Users/Dell G15/OneDrive/Desktop/projeto juma/.next/dev/static/chunks/node_modules_next_dist_compiled_react-dom_058-ah~._.js:15213:24)
    at <unknown> (file://C:/Users/Dell G15/OneDrive/Desktop/projeto juma/.next/dev/static/chunks/node_modules_next_dist_compiled_0rpq4pf._.js:1742:36)
    at useTranslationsImpl (file://C:/Users/Dell G15/OneDrive/Desktop/projeto juma/.next/dev/static/chunks/node_modules_10_by0c._.js:4158:196)
    at useTranslations (file://C:/Users/Dell G15/OneDrive/Desktop/projeto juma/.next/dev/static/chunks/node_modules_10_by0c._.js:4197:12)
    at <unknown> (file://C:/Users/Dell G15/OneDrive/Desktop/projeto juma/.next/dev/static/chunks/node_modules_10_by0c._.js:7964:20)
    at HomeLineReveal (file://C:/Users/Dell G15/OneDrive/Desktop/projeto juma/.next/dev/static/chunks/src_02dg6h1._.js?id=%255Bproject%255D%252Fsrc%252Ffeatures%252Fhome%252Fcomponents%252FHomeLineReveal.tsx+%255Bapp-client%255D+%2528ecmascript%2529:164:224)
    at Object.react_stack_bottom_frame (file://C:/Users/Dell G15/OneDrive/Desktop/projeto juma/.next/dev/static/chunks/node_modules_next_dist_compiled_react-dom_058-ah~._.js:15037:24)
    at renderWithHooks (file://C:/Users/Dell G15/OneDrive/Desktop/projeto juma/.next/dev/static/chunks/node_modules_next_dist_compiled_react-dom_058-ah~._.js:4620:24)
    at updateFunctionComponent (file://C:/Users/Dell G15/OneDrive/Desktop/projeto juma/.next/dev/static/chunks/node_modules_next_dist_compiled_react-dom_058-ah~._.js:6081:21)
    at beginWork (file://C:/Users/Dell G15/OneDrive/Desktop/projeto juma/.next/dev/static/chunks/node_modules_next_dist_compiled_react-dom_058-ah~._.js:6665:639)
    at runWithFiberInDEV (file://C:/Users/Dell G15/OneDrive/Desktop/projeto juma/.next/dev/static/chunks/node_modules_next_dist_compiled_react-dom_058-ah~._.js:965:74)
    at performUnitOfWork (file://C:/Users/Dell G15/OneDrive/Desktop/projeto juma/.next/dev/static/chunks/node_modules_next_dist_compiled_react-dom_058-ah~._.js:9555:97)
    at workLoopConcurrentByScheduler (file://C:/Users/Dell G15/OneDrive/Desktop/projeto juma/.next/dev/static/chunks/node_modules_next_dist_compiled_react-dom_058-ah~._.js:9551:58)
    at renderRootConcurrent (file://C:/Users/Dell G15/OneDrive/Desktop/projeto juma/.next/dev/static/chunks/node_modules_next_dist_compiled_react-dom_058-ah~._.js:9534:71)
    at performWorkOnRoot (file://C:/Users/Dell G15/OneDrive/Desktop/projeto juma/.next/dev/static/chunks/node_modules_next_dist_compiled_react-dom_058-ah~._.js:9061:150)
    at performWorkOnRootViaSchedulerTask (file://C:/Users/Dell G15/OneDrive/Desktop/projeto juma/.next/dev/static/chunks/node_modules_next_dist_compiled_react-dom_058-ah~._.js:10255:9)
    at MessagePort.performWorkUntilDeadline (file://C:/Users/Dell G15/OneDrive/Desktop/projeto juma/.next/dev/static/chunks/node_modules_next_dist_compiled_0rpq4pf._.js:2647:64)
    at HomePage (src\app\(frontend)\[locale]\page.tsx:41:9)
  39 |       </div>
  40 |       <div id="sec-linha-completa" className="scroll-mt-24">
> 41 |         <HomeLineReveal />
     |         ^
  42 |       </div>
  43 |       <div id="sec-produtos" className="scroll-mt-24">
  44 |         <HomeProductShowcase /> (file://C:/Users/Dell G15/OneDrive/Desktop/projeto juma/.next/dev/static/chunks/node_modules_10_by0c._.js:3582:13)
[browser] Error: MISSING_MESSAGE: Could not resolve `homeLineReveal` in messages for locale `pt-BR`.
    at getMessagesOrError (file://C:/Users/Dell G15/OneDrive/Desktop/projeto juma/.next/dev/static/chunks/node_modules_10_by0c._.js:3633:27)
    at createBaseTranslator (file://C:/Users/Dell G15/OneDrive/Desktop/projeto juma/.next/dev/static/chunks/node_modules_10_by0c._.js:3638:29)
    at useTranslationsImpl.useMemo[translate] (file://C:/Users/Dell G15/OneDrive/Desktop/projeto juma/.next/dev/static/chunks/node_modules_10_by0c._.js:4159:253)
    at mountMemo (file://C:/Users/Dell G15/OneDrive/Desktop/projeto juma/.next/dev/static/chunks/node_modules_next_dist_compiled_react-dom_058-ah~._.js:5393:25)
    at Object.useMemo (file://C:/Users/Dell G15/OneDrive/Desktop/projeto juma/.next/dev/static/chunks/node_modules_next_dist_compiled_react-dom_058-ah~._.js:15213:24)
    at <unknown> (file://C:/Users/Dell G15/OneDrive/Desktop/projeto juma/.next/dev/static/chunks/node_modules_next_dist_compiled_0rpq4pf._.js:1742:36)
    at useTranslationsImpl (file://C:/Users/Dell G15/OneDrive/Desktop/projeto juma/.next/dev/static/chunks/node_modules_10_by0c._.js:4158:196)
    at useTranslations (file://C:/Users/Dell G15/OneDrive/Desktop/projeto juma/.next/dev/static/chunks/node_modules_10_by0c._.js:4197:12)
    at <unknown> (file://C:/Users/Dell G15/OneDrive/Desktop/projeto juma/.next/dev/static/chunks/node_modules_10_by0c._.js:7964:20)
    at HomeLineReveal (file://C:/Users/Dell G15/OneDrive/Desktop/projeto juma/.next/dev/static/chunks/src_02dg6h1._.js?id=%255Bproject%255D%252Fsrc%252Ffeatures%252Fhome%252Fcomponents%252FHomeLineReveal.tsx+%255Bapp-client%255D+%2528ecmascript%2529:164:224)
    at Object.react_stack_bottom_frame (file://C:/Users/Dell G15/OneDrive/Desktop/projeto juma/.next/dev/static/chunks/node_modules_next_dist_compiled_react-dom_058-ah~._.js:15037:24)
    at renderWithHooks (file://C:/Users/Dell G15/OneDrive/Desktop/projeto juma/.next/dev/static/chunks/node_modules_next_dist_compiled_react-dom_058-ah~._.js:4620:24)
    at updateFunctionComponent (file://C:/Users/Dell G15/OneDrive/Desktop/projeto juma/.next/dev/static/chunks/node_modules_next_dist_compiled_react-dom_058-ah~._.js:6081:21)
    at beginWork (file://C:/Users/Dell G15/OneDrive/Desktop/projeto juma/.next/dev/static/chunks/node_modules_next_dist_compiled_react-dom_058-ah~._.js:6665:639)
    at runWithFiberInDEV (file://C:/Users/Dell G15/OneDrive/Desktop/projeto juma/.next/dev/static/chunks/node_modules_next_dist_compiled_react-dom_058-ah~._.js:965:74)
    at performUnitOfWork (file://C:/Users/Dell G15/OneDrive/Desktop/projeto juma/.next/dev/static/chunks/node_modules_next_dist_compiled_react-dom_058-ah~._.js:9555:97)
    at workLoopConcurrentByScheduler (file://C:/Users/Dell G15/OneDrive/Desktop/projeto juma/.next/dev/static/chunks/node_modules_next_dist_compiled_react-dom_058-ah~._.js:9551:58)
    at renderRootConcurrent (file://C:/Users/Dell G15/OneDrive/Desktop/projeto juma/.next/dev/static/chunks/node_modules_next_dist_compiled_react-dom_058-ah~._.js:9534:71)
    at performWorkOnRoot (file://C:/Users/Dell G15/OneDrive/Desktop/projeto juma/.next/dev/static/chunks/node_modules_next_dist_compiled_react-dom_058-ah~._.js:9061:150)
    at performWorkOnRootViaSchedulerTask (file://C:/Users/Dell G15/OneDrive/Desktop/projeto juma/.next/dev/static/chunks/node_modules_next_dist_compiled_react-dom_058-ah~._.js:10255:9)
    at MessagePort.performWorkUntilDeadline (file://C:/Users/Dell G15/OneDrive/Desktop/projeto juma/.next/dev/static/chunks/node_modules_next_dist_compiled_0rpq4pf._.js:2647:64)
    at HomePage (src\app\(frontend)\[locale]\page.tsx:41:9)
  39 |       </div>
  40 |       <div id="sec-linha-completa" className="scroll-mt-24">
> 41 |         <HomeLineReveal />
     |         ^
  42 |       </div>
  43 |       <div id="sec-produtos" className="scroll-mt-24">
  44 |         <HomeProductShowcase /> (file://C:/Users/Dell G15/OneDrive/Desktop/projeto juma/.next/dev/static/chunks/node_modules_10_by0c._.js:3582:13)
[browser] Error: MISSING_MESSAGE: Could not resolve `homeLineReveal` in messages for locale `pt-BR`.
    at getMessagesOrError (file://C:/Users/Dell G15/OneDrive/Desktop/projeto juma/.next/dev/static/chunks/node_modules_10_by0c._.js:3633:27)
    at createBaseTranslator (file://C:/Users/Dell G15/OneDrive/Desktop/projeto juma/.next/dev/static/chunks/node_modules_10_by0c._.js:3638:29)
    at useTranslationsImpl.useMemo[translate] (file://C:/Users/Dell G15/OneDrive/Desktop/projeto juma/.next/dev/static/chunks/node_modules_10_by0c._.js:4159:253)
    at mountMemo (file://C:/Users/Dell G15/OneDrive/Desktop/projeto juma/.next/dev/static/chunks/node_modules_next_dist_compiled_react-dom_058-ah~._.js:5393:25)
    at Object.useMemo (file://C:/Users/Dell G15/OneDrive/Desktop/projeto juma/.next/dev/static/chunks/node_modules_next_dist_compiled_react-dom_058-ah~._.js:15213:24)
    at <unknown> (file://C:/Users/Dell G15/OneDrive/Desktop/projeto juma/.next/dev/static/chunks/node_modules_next_dist_compiled_0rpq4pf._.js:1742:36)
    at useTranslationsImpl (file://C:/Users/Dell G15/OneDrive/Desktop/projeto juma/.next/dev/static/chunks/node_modules_10_by0c._.js:4158:196)
    at useTranslations (file://C:/Users/Dell G15/OneDrive/Desktop/projeto juma/.next/dev/static/chunks/node_modules_10_by0c._.js:4197:12)
    at <unknown> (file://C:/Users/Dell G15/OneDrive/Desktop/projeto juma/.next/dev/static/chunks/node_modules_10_by0c._.js:7964:20)
    at HomeLineReveal (file://C:/Users/Dell G15/OneDrive/Desktop/projeto juma/.next/dev/static/chunks/src_02dg6h1._.js?id=%255Bproject%255D%252Fsrc%252Ffeatures%252Fhome%252Fcomponents%252FHomeLineReveal.tsx+%255Bapp-client%255D+%2528ecmascript%2529:164:224)
    at Object.react_stack_bottom_frame (file://C:/Users/Dell G15/OneDrive/Desktop/projeto juma/.next/dev/static/chunks/node_modules_next_dist_compiled_react-dom_058-ah~._.js:15037:24)
    at renderWithHooks (file://C:/Users/Dell G15/OneDrive/Desktop/projeto juma/.next/dev/static/chunks/node_modules_next_dist_compiled_react-dom_058-ah~._.js:4620:24)
    at updateFunctionComponent (file://C:/Users/Dell G15/OneDrive/Desktop/projeto juma/.next/dev/static/chunks/node_modules_next_dist_compiled_react-dom_058-ah~._.js:6081:21)
    at beginWork (file://C:/Users/Dell G15/OneDrive/Desktop/projeto juma/.next/dev/static/chunks/node_modules_next_dist_compiled_react-dom_058-ah~._.js:6665:639)
    at runWithFiberInDEV (file://C:/Users/Dell G15/OneDrive/Desktop/projeto juma/.next/dev/static/chunks/node_modules_next_dist_compiled_react-dom_058-ah~._.js:965:74)
    at performUnitOfWork (file://C:/Users/Dell G15/OneDrive/Desktop/projeto juma/.next/dev/static/chunks/node_modules_next_dist_compiled_react-dom_058-ah~._.js:9555:97)
    at workLoopConcurrentByScheduler (file://C:/Users/Dell G15/OneDrive/Desktop/projeto juma/.next/dev/static/chunks/node_modules_next_dist_compiled_react-dom_058-ah~._.js:9551:58)
    at renderRootConcurrent (file://C:/Users/Dell G15/OneDrive/Desktop/projeto juma/.next/dev/static/chunks/node_modules_next_dist_compiled_react-dom_058-ah~._.js:9534:71)
    at performWorkOnRoot (file://C:/Users/Dell G15/OneDrive/Desktop/projeto juma/.next/dev/static/chunks/node_modules_next_dist_compiled_react-dom_058-ah~._.js:9061:150)
    at performWorkOnRootViaSchedulerTask (file://C:/Users/Dell G15/OneDrive/Desktop/projeto juma/.next/dev/static/chunks/node_modules_next_dist_compiled_react-dom_058-ah~._.js:10255:9)
    at MessagePort.performWorkUntilDeadline (file://C:/Users/Dell G15/OneDrive/Desktop/projeto juma/.next/dev/static/chunks/node_modules_next_dist_compiled_0rpq4pf._.js:2647:64)
    at HomePage (src\app\(frontend)\[locale]\page.tsx:41:9)
  39 |       </div>
  40 |       <div id="sec-linha-completa" className="scroll-mt-24">
> 41 |         <HomeLineReveal />
     |         ^
  42 |       </div>
  43 |       <div id="sec-produtos" className="scroll-mt-24">
  44 |         <HomeProductShowcase /> (file://C:/Users/Dell G15/OneDrive/Desktop/projeto juma/.next/dev/static/chunks/node_modules_10_by0c._.js:3582:13)
[browser] Error: MISSING_MESSAGE: Could not resolve `homeLineReveal` in messages for locale `pt-BR`.
    at getMessagesOrError (file://C:/Users/Dell G15/OneDrive/Desktop/projeto juma/.next/dev/static/chunks/node_modules_10_by0c._.js:3633:27)
    at createBaseTranslator (file://C:/Users/Dell G15/OneDrive/Desktop/projeto juma/.next/dev/static/chunks/node_modules_10_by0c._.js:3638:29)
    at useTranslationsImpl.useMemo[translate] (file://C:/Users/Dell G15/OneDrive/Desktop/projeto juma/.next/dev/static/chunks/node_modules_10_by0c._.js:4159:253)
    at mountMemo (file://C:/Users/Dell G15/OneDrive/Desktop/projeto juma/.next/dev/static/chunks/node_modules_next_dist_compiled_react-dom_058-ah~._.js:5393:25)
    at Object.useMemo (file://C:/Users/Dell G15/OneDrive/Desktop/projeto juma/.next/dev/static/chunks/node_modules_next_dist_compiled_react-dom_058-ah~._.js:15213:24)
    at <unknown> (file://C:/Users/Dell G15/OneDrive/Desktop/projeto juma/.next/dev/static/chunks/node_modules_next_dist_compiled_0rpq4pf._.js:1742:36)
    at useTranslationsImpl (file://C:/Users/Dell G15/OneDrive/Desktop/projeto juma/.next/dev/static/chunks/node_modules_10_by0c._.js:4158:196)
    at useTranslations (file://C:/Users/Dell G15/OneDrive/Desktop/projeto juma/.next/dev/static/chunks/node_modules_10_by0c._.js:4197:12)
    at <unknown> (file://C:/Users/Dell G15/OneDrive/Desktop/projeto juma/.next/dev/static/chunks/node_modules_10_by0c._.js:7964:20)
    at HomeLineReveal (file://C:/Users/Dell G15/OneDrive/Desktop/projeto juma/.next/dev/static/chunks/src_02dg6h1._.js?id=%255Bproject%255D%252Fsrc%252Ffeatures%252Fhome%252Fcomponents%252FHomeLineReveal.tsx+%255Bapp-client%255D+%2528ecmascript%2529:164:224)
    at Object.react_stack_bottom_frame (file://C:/Users/Dell G15/OneDrive/Desktop/projeto juma/.next/dev/static/chunks/node_modules_next_dist_compiled_react-dom_058-ah~._.js:15037:24)
    at renderWithHooks (file://C:/Users/Dell G15/OneDrive/Desktop/projeto juma/.next/dev/static/chunks/node_modules_next_dist_compiled_react-dom_058-ah~._.js:4620:24)
    at updateFunctionComponent (file://C:/Users/Dell G15/OneDrive/Desktop/projeto juma/.next/dev/static/chunks/node_modules_next_dist_compiled_react-dom_058-ah~._.js:6081:21)
    at beginWork (file://C:/Users/Dell G15/OneDrive/Desktop/projeto juma/.next/dev/static/chunks/node_modules_next_dist_compiled_react-dom_058-ah~._.js:6665:639)
    at runWithFiberInDEV (file://C:/Users/Dell G15/OneDrive/Desktop/projeto juma/.next/dev/static/chunks/node_modules_next_dist_compiled_react-dom_058-ah~._.js:965:74)
    at performUnitOfWork (file://C:/Users/Dell G15/OneDrive/Desktop/projeto juma/.next/dev/static/chunks/node_modules_next_dist_compiled_react-dom_058-ah~._.js:9555:97)
    at workLoopConcurrentByScheduler (file://C:/Users/Dell G15/OneDrive/Desktop/projeto juma/.next/dev/static/chunks/node_modules_next_dist_compiled_react-dom_058-ah~._.js:9551:58)
    at renderRootConcurrent (file://C:/Users/Dell G15/OneDrive/Desktop/projeto juma/.next/dev/static/chunks/node_modules_next_dist_compiled_react-dom_058-ah~._.js:9534:71)
    at performWorkOnRoot (file://C:/Users/Dell G15/OneDrive/Desktop/projeto juma/.next/dev/static/chunks/node_modules_next_dist_compiled_react-dom_058-ah~._.js:9061:150)
    at performWorkOnRootViaSchedulerTask (file://C:/Users/Dell G15/OneDrive/Desktop/projeto juma/.next/dev/static/chunks/node_modules_next_dist_compiled_react-dom_058-ah~._.js:10255:9)
    at MessagePort.performWorkUntilDeadline (file://C:/Users/Dell G15/OneDrive/Desktop/projeto juma/.next/dev/static/chunks/node_modules_next_dist_compiled_0rpq4pf._.js:2647:64)
    at HomePage (src\app\(frontend)\[locale]\page.tsx:41:9)
  39 |       </div>
  40 |       <div id="sec-linha-completa" className="scroll-mt-24">
> 41 |         <HomeLineReveal />
     |         ^
  42 |       </div>
  43 |       <div id="sec-produtos" className="scroll-mt-24">
  44 |         <HomeProductShowcase /> (file://C:/Users/Dell G15/OneDrive/Desktop/projeto juma/.next/dev/static/chunks/node_modules_10_by0c._.js:3582:13)
[browser] Error: MISSING_MESSAGE: Could not resolve `homeLineReveal` in messages for locale `pt-BR`.
    at getMessagesOrError (file://C:/Users/Dell G15/OneDrive/Desktop/projeto juma/.next/dev/static/chunks/node_modules_10_by0c._.js:3633:27)
    at createBaseTranslator (file://C:/Users/Dell G15/OneDrive/Desktop/projeto juma/.next/dev/static/chunks/node_modules_10_by0c._.js:3638:29)
    at useTranslationsImpl.useMemo[translate] (file://C:/Users/Dell G15/OneDrive/Desktop/projeto juma/.next/dev/static/chunks/node_modules_10_by0c._.js:4159:253)
    at mountMemo (file://C:/Users/Dell G15/OneDrive/Desktop/projeto juma/.next/dev/static/chunks/node_modules_next_dist_compiled_react-dom_058-ah~._.js:5393:25)
    at Object.useMemo (file://C:/Users/Dell G15/OneDrive/Desktop/projeto juma/.next/dev/static/chunks/node_modules_next_dist_compiled_react-dom_058-ah~._.js:15213:24)
    at <unknown> (file://C:/Users/Dell G15/OneDrive/Desktop/projeto juma/.next/dev/static/chunks/node_modules_next_dist_compiled_0rpq4pf._.js:1742:36)
    at useTranslationsImpl (file://C:/Users/Dell G15/OneDrive/Desktop/projeto juma/.next/dev/static/chunks/node_modules_10_by0c._.js:4158:196)
    at useTranslations (file://C:/Users/Dell G15/OneDrive/Desktop/projeto juma/.next/dev/static/chunks/node_modules_10_by0c._.js:4197:12)
    at <unknown> (file://C:/Users/Dell G15/OneDrive/Desktop/projeto juma/.next/dev/static/chunks/node_modules_10_by0c._.js:7964:20)
    at HomeLineReveal (file://C:/Users/Dell G15/OneDrive/Desktop/projeto juma/.next/dev/static/chunks/src_02dg6h1._.js?id=%255Bproject%255D%252Fsrc%252Ffeatures%252Fhome%252Fcomponents%252FHomeLineReveal.tsx+%255Bapp-client%255D+%2528ecmascript%2529:164:224)
    at Object.react_stack_bottom_frame (file://C:/Users/Dell G15/OneDrive/Desktop/projeto juma/.next/dev/static/chunks/node_modules_next_dist_compiled_react-dom_058-ah~._.js:15037:24)
    at renderWithHooks (file://C:/Users/Dell G15/OneDrive/Desktop/projeto juma/.next/dev/static/chunks/node_modules_next_dist_compiled_react-dom_058-ah~._.js:4620:24)
    at updateFunctionComponent (file://C:/Users/Dell G15/OneDrive/Desktop/projeto juma/.next/dev/static/chunks/node_modules_next_dist_compiled_react-dom_058-ah~._.js:6081:21)
    at beginWork (file://C:/Users/Dell G15/OneDrive/Desktop/projeto juma/.next/dev/static/chunks/node_modules_next_dist_compiled_react-dom_058-ah~._.js:6665:639)
    at runWithFiberInDEV (file://C:/Users/Dell G15/OneDrive/Desktop/projeto juma/.next/dev/static/chunks/node_modules_next_dist_compiled_react-dom_058-ah~._.js:965:74)
    at performUnitOfWork (file://C:/Users/Dell G15/OneDrive/Desktop/projeto juma/.next/dev/static/chunks/node_modules_next_dist_compiled_react-dom_058-ah~._.js:9555:97)
    at workLoopConcurrentByScheduler (file://C:/Users/Dell G15/OneDrive/Desktop/projeto juma/.next/dev/static/chunks/node_modules_next_dist_compiled_react-dom_058-ah~._.js:9551:58)
    at renderRootConcurrent (file://C:/Users/Dell G15/OneDrive/Desktop/projeto juma/.next/dev/static/chunks/node_modules_next_dist_compiled_react-dom_058-ah~._.js:9534:71)
    at performWorkOnRoot (file://C:/Users/Dell G15/OneDrive/Desktop/projeto juma/.next/dev/static/chunks/node_modules_next_dist_compiled_react-dom_058-ah~._.js:9061:150)
    at performWorkOnRootViaSchedulerTask (file://C:/Users/Dell G15/OneDrive/Desktop/projeto juma/.next/dev/static/chunks/node_modules_next_dist_compiled_react-dom_058-ah~._.js:10255:9)
    at MessagePort.performWorkUntilDeadline (file://C:/Users/Dell G15/OneDrive/Desktop/projeto juma/.next/dev/static/chunks/node_modules_next_dist_compiled_0rpq4pf._.js:2647:64)
    at HomePage (src\app\(frontend)\[locale]\page.tsx:41:9)
  39 |       </div>
  40 |       <div id="sec-linha-completa" className="scroll-mt-24">
> 41 |         <HomeLineReveal />
     |         ^
  42 |       </div>
  43 |       <div id="sec-produtos" className="scroll-mt-24">
  44 |         <HomeProductShowcase /> (file://C:/Users/Dell G15/OneDrive/Desktop/projeto juma/.next/dev/static/chunks/node_modules_10_by0c._.js:3582:13)
[browser] Error: MISSING_MESSAGE: Could not resolve `homeLineReveal` in messages for locale `pt-BR`.
    at getMessagesOrError (file://C:/Users/Dell G15/OneDrive/Desktop/projeto juma/.next/dev/static/chunks/node_modules_10_by0c._.js:3633:27)
    at createBaseTranslator (file://C:/Users/Dell G15/OneDrive/Desktop/projeto juma/.next/dev/static/chunks/node_modules_10_by0c._.js:3638:29)
    at useTranslationsImpl.useMemo[translate] (file://C:/Users/Dell G15/OneDrive/Desktop/projeto juma/.next/dev/static/chunks/node_modules_10_by0c._.js:4159:253)
    at mountMemo (file://C:/Users/Dell G15/OneDrive/Desktop/projeto juma/.next/dev/static/chunks/node_modules_next_dist_compiled_react-dom_058-ah~._.js:5393:25)
    at Object.useMemo (file://C:/Users/Dell G15/OneDrive/Desktop/projeto juma/.next/dev/static/chunks/node_modules_next_dist_compiled_react-dom_058-ah~._.js:15213:24)
    at <unknown> (file://C:/Users/Dell G15/OneDrive/Desktop/projeto juma/.next/dev/static/chunks/node_modules_next_dist_compiled_0rpq4pf._.js:1742:36)
    at useTranslationsImpl (file://C:/Users/Dell G15/OneDrive/Desktop/projeto juma/.next/dev/static/chunks/node_modules_10_by0c._.js:4158:196)
    at useTranslations (file://C:/Users/Dell G15/OneDrive/Desktop/projeto juma/.next/dev/static/chunks/node_modules_10_by0c._.js:4197:12)
    at <unknown> (file://C:/Users/Dell G15/OneDrive/Desktop/projeto juma/.next/dev/static/chunks/node_modules_10_by0c._.js:7964:20)
    at HomeLineReveal (file://C:/Users/Dell G15/OneDrive/Desktop/projeto juma/.next/dev/static/chunks/src_02dg6h1._.js?id=%255Bproject%255D%252Fsrc%252Ffeatures%252Fhome%252Fcomponents%252FHomeLineReveal.tsx+%255Bapp-client%255D+%2528ecmascript%2529:164:224)
    at Object.react_stack_bottom_frame (file://C:/Users/Dell G15/OneDrive/Desktop/projeto juma/.next/dev/static/chunks/node_modules_next_dist_compiled_react-dom_058-ah~._.js:15037:24)
    at renderWithHooks (file://C:/Users/Dell G15/OneDrive/Desktop/projeto juma/.next/dev/static/chunks/node_modules_next_dist_compiled_react-dom_058-ah~._.js:4620:24)
    at updateFunctionComponent (file://C:/Users/Dell G15/OneDrive/Desktop/projeto juma/.next/dev/static/chunks/node_modules_next_dist_compiled_react-dom_058-ah~._.js:6081:21)
    at beginWork (file://C:/Users/Dell G15/OneDrive/Desktop/projeto juma/.next/dev/static/chunks/node_modules_next_dist_compiled_react-dom_058-ah~._.js:6665:639)
    at runWithFiberInDEV (file://C:/Users/Dell G15/OneDrive/Desktop/projeto juma/.next/dev/static/chunks/node_modules_next_dist_compiled_react-dom_058-ah~._.js:965:74)
    at performUnitOfWork (file://C:/Users/Dell G15/OneDrive/Desktop/projeto juma/.next/dev/static/chunks/node_modules_next_dist_compiled_react-dom_058-ah~._.js:9555:97)
    at workLoopConcurrentByScheduler (file://C:/Users/Dell G15/OneDrive/Desktop/projeto juma/.next/dev/static/chunks/node_modules_next_dist_compiled_react-dom_058-ah~._.js:9551:58)
    at renderRootConcurrent (file://C:/Users/Dell G15/OneDrive/Desktop/projeto juma/.next/dev/static/chunks/node_modules_next_dist_compiled_react-dom_058-ah~._.js:9534:71)
    at performWorkOnRoot (file://C:/Users/Dell G15/OneDrive/Desktop/projeto juma/.next/dev/static/chunks/node_modules_next_dist_compiled_react-dom_058-ah~._.js:9061:150)
    at performWorkOnRootViaSchedulerTask (file://C:/Users/Dell G15/OneDrive/Desktop/projeto juma/.next/dev/static/chunks/node_modules_next_dist_compiled_react-dom_058-ah~._.js:10255:9)
    at MessagePort.performWorkUntilDeadline (file://C:/Users/Dell G15/OneDrive/Desktop/projeto juma/.next/dev/static/chunks/node_modules_next_dist_compiled_0rpq4pf._.js:2647:64)
    at HomePage (src\app\(frontend)\[locale]\page.tsx:41:9)
  39 |       </div>
  40 |       <div id="sec-linha-completa" className="scroll-mt-24">
> 41 |         <HomeLineReveal />
     |         ^
  42 |       </div>
  43 |       <div id="sec-produtos" className="scroll-mt-24">
  44 |         <HomeProductShowcase /> (file://C:/Users/Dell G15/OneDrive/Desktop/projeto juma/.next/dev/static/chunks/node_modules_10_by0c._.js:3582:13)
[browser] Error: MISSING_MESSAGE: Could not resolve `homeLineReveal` in messages for locale `pt-BR`.
    at getMessagesOrError (file://C:/Users/Dell G15/OneDrive/Desktop/projeto juma/.next/dev/static/chunks/node_modules_10_by0c._.js:3633:27)
    at createBaseTranslator (file://C:/Users/Dell G15/OneDrive/Desktop/projeto juma/.next/dev/static/chunks/node_modules_10_by0c._.js:3638:29)
    at useTranslationsImpl.useMemo[translate] (file://C:/Users/Dell G15/OneDrive/Desktop/projeto juma/.next/dev/static/chunks/node_modules_10_by0c._.js:4159:253)
    at mountMemo (file://C:/Users/Dell G15/OneDrive/Desktop/projeto juma/.next/dev/static/chunks/node_modules_next_dist_compiled_react-dom_058-ah~._.js:5393:25)
    at Object.useMemo (file://C:/Users/Dell G15/OneDrive/Desktop/projeto juma/.next/dev/static/chunks/node_modules_next_dist_compiled_react-dom_058-ah~._.js:15213:24)
    at <unknown> (file://C:/Users/Dell G15/OneDrive/Desktop/projeto juma/.next/dev/static/chunks/node_modules_next_dist_compiled_0rpq4pf._.js:1742:36)
    at useTranslationsImpl (file://C:/Users/Dell G15/OneDrive/Desktop/projeto juma/.next/dev/static/chunks/node_modules_10_by0c._.js:4158:196)
    at useTranslations (file://C:/Users/Dell G15/OneDrive/Desktop/projeto juma/.next/dev/static/chunks/node_modules_10_by0c._.js:4197:12)
    at <unknown> (file://C:/Users/Dell G15/OneDrive/Desktop/projeto juma/.next/dev/static/chunks/node_modules_10_by0c._.js:7964:20)
    at HomeLineReveal (file://C:/Users/Dell G15/OneDrive/Desktop/projeto juma/.next/dev/static/chunks/src_02dg6h1._.js?id=%255Bproject%255D%252Fsrc%252Ffeatures%252Fhome%252Fcomponents%252FHomeLineReveal.tsx+%255Bapp-client%255D+%2528ecmascript%2529:164:224)
    at Object.react_stack_bottom_frame (file://C:/Users/Dell G15/OneDrive/Desktop/projeto juma/.next/dev/static/chunks/node_modules_next_dist_compiled_react-dom_058-ah~._.js:15037:24)
    at renderWithHooks (file://C:/Users/Dell G15/OneDrive/Desktop/projeto juma/.next/dev/static/chunks/node_modules_next_dist_compiled_react-dom_058-ah~._.js:4620:24)
    at updateFunctionComponent (file://C:/Users/Dell G15/OneDrive/Desktop/projeto juma/.next/dev/static/chunks/node_modules_next_dist_compiled_react-dom_058-ah~._.js:6081:21)
    at beginWork (file://C:/Users/Dell G15/OneDrive/Desktop/projeto juma/.next/dev/static/chunks/node_modules_next_dist_compiled_react-dom_058-ah~._.js:6665:639)
    at runWithFiberInDEV (file://C:/Users/Dell G15/OneDrive/Desktop/projeto juma/.next/dev/static/chunks/node_modules_next_dist_compiled_react-dom_058-ah~._.js:965:74)
    at performUnitOfWork (file://C:/Users/Dell G15/OneDrive/Desktop/projeto juma/.next/dev/static/chunks/node_modules_next_dist_compiled_react-dom_058-ah~._.js:9555:97)
    at workLoopConcurrentByScheduler (file://C:/Users/Dell G15/OneDrive/Desktop/projeto juma/.next/dev/static/chunks/node_modules_next_dist_compiled_react-dom_058-ah~._.js:9551:58)
    at renderRootConcurrent (file://C:/Users/Dell G15/OneDrive/Desktop/projeto juma/.next/dev/static/chunks/node_modules_next_dist_compiled_react-dom_058-ah~._.js:9534:71)
    at performWorkOnRoot (file://C:/Users/Dell G15/OneDrive/Desktop/projeto juma/.next/dev/static/chunks/node_modules_next_dist_compiled_react-dom_058-ah~._.js:9061:150)
    at performWorkOnRootViaSchedulerTask (file://C:/Users/Dell G15/OneDrive/Desktop/projeto juma/.next/dev/static/chunks/node_modules_next_dist_compiled_react-dom_058-ah~._.js:10255:9)
    at MessagePort.performWorkUntilDeadline (file://C:/Users/Dell G15/OneDrive/Desktop/projeto juma/.next/dev/static/chunks/node_modules_next_dist_compiled_0rpq4pf._.js:2647:64)
    at HomePage (src\app\(frontend)\[locale]\page.tsx:41:9)
  39 |       </div>
  40 |       <div id="sec-linha-completa" className="scroll-mt-24">
> 41 |         <HomeLineReveal />
     |         ^
  42 |       </div>
  43 |       <div id="sec-produtos" className="scroll-mt-24">
  44 |         <HomeProductShowcase /> (file://C:/Users/Dell G15/OneDrive/Desktop/projeto juma/.next/dev/static/chunks/node_modules_10_by0c._.js:3582:13)
[browser] Error: MISSING_MESSAGE: Could not resolve `homeLineReveal` in messages for locale `pt-BR`.
    at getMessagesOrError (file://C:/Users/Dell G15/OneDrive/Desktop/projeto juma/.next/dev/static/chunks/node_modules_10_by0c._.js:3633:27)
    at createBaseTranslator (file://C:/Users/Dell G15/OneDrive/Desktop/projeto juma/.next/dev/static/chunks/node_modules_10_by0c._.js:3638:29)
    at useTranslationsImpl.useMemo[translate] (file://C:/Users/Dell G15/OneDrive/Desktop/projeto juma/.next/dev/static/chunks/node_modules_10_by0c._.js:4159:253)
    at mountMemo (file://C:/Users/Dell G15/OneDrive/Desktop/projeto juma/.next/dev/static/chunks/node_modules_next_dist_compiled_react-dom_058-ah~._.js:5393:25)
    at Object.useMemo (file://C:/Users/Dell G15/OneDrive/Desktop/projeto juma/.next/dev/static/chunks/node_modules_next_dist_compiled_react-dom_058-ah~._.js:15213:24)
    at <unknown> (file://C:/Users/Dell G15/OneDrive/Desktop/projeto juma/.next/dev/static/chunks/node_modules_next_dist_compiled_0rpq4pf._.js:1742:36)
    at useTranslationsImpl (file://C:/Users/Dell G15/OneDrive/Desktop/projeto juma/.next/dev/static/chunks/node_modules_10_by0c._.js:4158:196)
    at useTranslations (file://C:/Users/Dell G15/OneDrive/Desktop/projeto juma/.next/dev/static/chunks/node_modules_10_by0c._.js:4197:12)
    at <unknown> (file://C:/Users/Dell G15/OneDrive/Desktop/projeto juma/.next/dev/static/chunks/node_modules_10_by0c._.js:7964:20)
    at HomeLineReveal (file://C:/Users/Dell G15/OneDrive/Desktop/projeto juma/.next/dev/static/chunks/src_02dg6h1._.js?id=%255Bproject%255D%252Fsrc%252Ffeatures%252Fhome%252Fcomponents%252FHomeLineReveal.tsx+%255Bapp-client%255D+%2528ecmascript%2529:164:224)
    at Object.react_stack_bottom_frame (file://C:/Users/Dell G15/OneDrive/Desktop/projeto juma/.next/dev/static/chunks/node_modules_next_dist_compiled_react-dom_058-ah~._.js:15037:24)
    at renderWithHooks (file://C:/Users/Dell G15/OneDrive/Desktop/projeto juma/.next/dev/static/chunks/node_modules_next_dist_compiled_react-dom_058-ah~._.js:4620:24)
    at updateFunctionComponent (file://C:/Users/Dell G15/OneDrive/Desktop/projeto juma/.next/dev/static/chunks/node_modules_next_dist_compiled_react-dom_058-ah~._.js:6081:21)
    at beginWork (file://C:/Users/Dell G15/OneDrive/Desktop/projeto juma/.next/dev/static/chunks/node_modules_next_dist_compiled_react-dom_058-ah~._.js:6665:639)
    at runWithFiberInDEV (file://C:/Users/Dell G15/OneDrive/Desktop/projeto juma/.next/dev/static/chunks/node_modules_next_dist_compiled_react-dom_058-ah~._.js:965:74)
    at performUnitOfWork (file://C:/Users/Dell G15/OneDrive/Desktop/projeto juma/.next/dev/static/chunks/node_modules_next_dist_compiled_react-dom_058-ah~._.js:9555:97)
    at workLoopConcurrentByScheduler (file://C:/Users/Dell G15/OneDrive/Desktop/projeto juma/.next/dev/static/chunks/node_modules_next_dist_compiled_react-dom_058-ah~._.js:9551:58)
    at renderRootConcurrent (file://C:/Users/Dell G15/OneDrive/Desktop/projeto juma/.next/dev/static/chunks/node_modules_next_dist_compiled_react-dom_058-ah~._.js:9534:71)
    at performWorkOnRoot (file://C:/Users/Dell G15/OneDrive/Desktop/projeto juma/.next/dev/static/chunks/node_modules_next_dist_compiled_react-dom_058-ah~._.js:9061:150)
    at performWorkOnRootViaSchedulerTask (file://C:/Users/Dell G15/OneDrive/Desktop/projeto juma/.next/dev/static/chunks/node_modules_next_dist_compiled_react-dom_058-ah~._.js:10255:9)
    at MessagePort.performWorkUntilDeadline (file://C:/Users/Dell G15/OneDrive/Desktop/projeto juma/.next/dev/static/chunks/node_modules_next_dist_compiled_0rpq4pf._.js:2647:64)
    at HomePage (src\app\(frontend)\[locale]\page.tsx:41:9)
  39 |       </div>
  40 |       <div id="sec-linha-completa" className="scroll-mt-24">
> 41 |         <HomeLineReveal />
     |         ^
  42 |       </div>
  43 |       <div id="sec-produtos" className="scroll-mt-24">
  44 |         <HomeProductShowcase /> (file://C:/Users/Dell G15/OneDrive/Desktop/projeto juma/.next/dev/static/chunks/node_modules_10_by0c._.js:3582:13)
[browser] Image with src "/produtos/aminosan-1l.png" was detected as the Largest Contentful Paint (LCP). Please add the `loading="eager"` property if this image is above the fold.
Read more: https://nextjs.org/docs/app/api-reference/components/image#loading (file://C:/Users/Dell G15/OneDrive/Desktop/projeto juma/.next/dev/static/chunks/node_modules_next_dist_115brz8._.js:2477:13)
[browser] Image with src "/produtos/aminosan-20l.png" is using quality "90" which is not configured in images.qualities [75]. Please update your config to [75, 90].
Read more: https://nextjs.org/docs/messages/next-image-unconfigured-qualities (file://C:/Users/Dell G15/OneDrive/Desktop/projeto juma/.next/dev/static/chunks/node_modules_next_dist_115brz8._.js:2477:13)
[browser] Image with src "/produtos/fitofert-20l.png" is using quality "90" which is not configured in images.qualities [75]. Please update your config to [75, 90].
Read more: https://nextjs.org/docs/messages/next-image-unconfigured-qualities (file://C:/Users/Dell G15/OneDrive/Desktop/projeto juma/.next/dev/static/chunks/node_modules_next_dist_115brz8._.js:2477:13)
[browser] Image with src "/produtos/acorda-ultra-10l.png" is using quality "90" which is not configured in images.qualities [75]. Please update your config to [75, 90].
Read more: https://nextjs.org/docs/messages/next-image-unconfigured-qualities (file://C:/Users/Dell G15/OneDrive/Desktop/projeto juma/.next/dev/static/chunks/node_modules_next_dist_115brz8._.js:2477:13)
[browser] Image with src "/assets/cultures/soja.webp" has "fill" but is missing "sizes" prop. Please add it to improve page performance. Read more: https://nextjs.org/docs/api-reference/next/image#sizes (file://C:/Users/Dell G15/OneDrive/Desktop/projeto juma/.next/dev/static/chunks/node_modules_next_dist_115brz8._.js:2477:13)
[browser] Image with src "/assets/cultures/cafe.webp" has "fill" but is missing "sizes" prop. Please add it to improve page performance. Read more: https://nextjs.org/docs/api-reference/next/image#sizes (file://C:/Users/Dell G15/OneDrive/Desktop/projeto juma/.next/dev/static/chunks/node_modules_next_dist_115brz8._.js:2477:13)
[browser] Image with src "/assets/cultures/milho.webp" has "fill" but is missing "sizes" prop. Please add it to improve page performance. Read more: https://nextjs.org/docs/api-reference/next/image#sizes (file://C:/Users/Dell G15/OneDrive/Desktop/projeto juma/.next/dev/static/chunks/node_modules_next_dist_115brz8._.js:2477:13)
[browser] Image with src "/assets/cultures/cana.webp" has "fill" but is missing "sizes" prop. Please add it to improve page performance. Read more: https://nextjs.org/docs/api-reference/next/image#sizes (file://C:/Users/Dell G15/OneDrive/Desktop/projeto juma/.next/dev/static/chunks/node_modules_next_dist_115brz8._.js:2477:13)
[browser] Image with src "/assets/cultures/algodao.webp" has "fill" but is missing "sizes" prop. Please add it to improve page performance. Read more: https://nextjs.org/docs/api-reference/next/image#sizes (file://C:/Users/Dell G15/OneDrive/Desktop/projeto juma/.next/dev/static/chunks/node_modules_next_dist_115brz8._.js:2477:13)
[browser] Image with src "/assets/cultures/batata.webp" has "fill" but is missing "sizes" prop. Please add it to improve page performance. Read more: https://nextjs.org/docs/api-reference/next/image#sizes (file://C:/Users/Dell G15/OneDrive/Desktop/projeto juma/.next/dev/static/chunks/node_modules_next_dist_115brz8._.js:2477:13)
[browser] Image with src "/assets/cultures/limao.webp" has "fill" but is missing "sizes" prop. Please add it to improve page performance. Read more: https://nextjs.org/docs/api-reference/next/image#sizes (file://C:/Users/Dell G15/OneDrive/Desktop/projeto juma/.next/dev/static/chunks/node_modules_next_dist_115brz8._.js:2477:13)
[browser] Image with src "/assets/cultures/feijao.webp" has "fill" but is missing "sizes" prop. Please add it to improve page performance. Read more: https://nextjs.org/docs/api-reference/next/image#sizes (file://C:/Users/Dell G15/OneDrive/Desktop/projeto juma/.next/dev/static/chunks/node_modules_next_dist_115brz8._.js:2477:13)
[browser] Image with src "/assets/cultures/tomate.webp" has "fill" but is missing "sizes" prop. Please add it to improve page performance. Read more: https://nextjs.org/docs/api-reference/next/image#sizes (file://C:/Users/Dell G15/OneDrive/Desktop/projeto juma/.next/dev/static/chunks/node_modules_next_dist_115brz8._.js:2477:13)
[browser] Image with src "/assets/cultures/pastagem.webp" has "fill" but is missing "sizes" prop. Please add it to improve page performance. Read more: https://nextjs.org/docs/api-reference/next/image#sizes (file://C:/Users/Dell G15/OneDrive/Desktop/projeto juma/.next/dev/static/chunks/node_modules_next_dist_115brz8._.js:2477:13)
[browser] Image with src "/assets/cultures/soja.webp" has "fill" but is missing "sizes" prop. Please add it to improve page performance. Read more: https://nextjs.org/docs/api-reference/next/image#sizes (file://C:/Users/Dell G15/OneDrive/Desktop/projeto juma/.next/dev/static/chunks/node_modules_next_dist_115brz8._.js:2477:13)
[browser] Image with src "/assets/cultures/milho.webp" has "fill" but is missing "sizes" prop. Please add it to improve page performance. Read more: https://nextjs.org/docs/api-reference/next/image#sizes (file://C:/Users/Dell G15/OneDrive/Desktop/projeto juma/.next/dev/static/chunks/node_modules_next_dist_115brz8._.js:2477:13)
[browser] Image with src "/assets/cultures/cafe.webp" has "fill" but is missing "sizes" prop. Please add it to improve page performance. Read more: https://nextjs.org/docs/api-reference/next/image#sizes (file://C:/Users/Dell G15/OneDrive/Desktop/projeto juma/.next/dev/static/chunks/node_modules_next_dist_115brz8._.js:2477:13)
[browser] Image with src "/assets/cultures/cana.webp" has "fill" but is missing "sizes" prop. Please add it to improve page performance. Read more: https://nextjs.org/docs/api-reference/next/image#sizes (file://C:/Users/Dell G15/OneDrive/Desktop/projeto juma/.next/dev/static/chunks/node_modules_next_dist_115brz8._.js:2477:13)
[browser] Image with src "/assets/cultures/algodao.webp" has "fill" but is missing "sizes" prop. Please add it to improve page performance. Read more: https://nextjs.org/docs/api-reference/next/image#sizes (file://C:/Users/Dell G15/OneDrive/Desktop/projeto juma/.next/dev/static/chunks/node_modules_next_dist_115brz8._.js:2477:13)
[browser] Image with src "/assets/cultures/feijao.webp" has "fill" but is missing "sizes" prop. Please add it to improve page performance. Read more: https://nextjs.org/docs/api-reference/next/image#sizes (file://C:/Users/Dell G15/OneDrive/Desktop/projeto juma/.next/dev/static/chunks/node_modules_next_dist_115brz8._.js:2477:13)
[browser] Image with src "/assets/cultures/limao.webp" has "fill" but is missing "sizes" prop. Please add it to improve page performance. Read more: https://nextjs.org/docs/api-reference/next/image#sizes (file://C:/Users/Dell G15/OneDrive/Desktop/projeto juma/.next/dev/static/chunks/node_modules_next_dist_115brz8._.js:2477:13)
[browser] Image with src "/assets/cultures/batata.webp" has "fill" but is missing "sizes" prop. Please add it to improve page performance. Read more: https://nextjs.org/docs/api-reference/next/image#sizes (file://C:/Users/Dell G15/OneDrive/Desktop/projeto juma/.next/dev/static/chunks/node_modules_next_dist_115brz8._.js:2477:13)
[browser] Image with src "/assets/cultures/tomate.webp" has "fill" but is missing "sizes" prop. Please add it to improve page performance. Read more: https://nextjs.org/docs/api-reference/next/image#sizes (file://C:/Users/Dell G15/OneDrive/Desktop/projeto juma/.next/dev/static/chunks/node_modules_next_dist_115brz8._.js:2477:13)
[browser] Image with src "/assets/cultures/pastagem.webp" has "fill" but is missing "sizes" prop. Please add it to improve page performance. Read more: https://nextjs.org/docs/api-reference/next/image#sizes (file://C:/Users/Dell G15/OneDrive/Desktop/projeto juma/.next/dev/static/chunks/node_modules_next_dist_115brz8._.js:2477:13)
[browser] Image with src "/assets/cultures/soja.webp" has "fill" but is missing "sizes" prop. Please add it to improve page performance. Read more: https://nextjs.org/docs/api-reference/next/image#sizes (file://C:/Users/Dell G15/OneDrive/Desktop/projeto juma/.next/dev/static/chunks/node_modules_next_dist_115brz8._.js:2477:13)
[browser] Image with src "/assets/cultures/milho.webp" has "fill" but is missing "sizes" prop. Please add it to improve page performance. Read more: https://nextjs.org/docs/api-reference/next/image#sizes (file://C:/Users/Dell G15/OneDrive/Desktop/projeto juma/.next/dev/static/chunks/node_modules_next_dist_115brz8._.js:2477:13)
[browser] Image with src "/assets/cultures/cafe.webp" has "fill" but is missing "sizes" prop. Please add it to improve page performance. Read more: https://nextjs.org/docs/api-reference/next/image#sizes (file://C:/Users/Dell G15/OneDrive/Desktop/projeto juma/.next/dev/static/chunks/node_modules_next_dist_115brz8._.js:2477:13)
[browser] Image with src "/assets/cultures/cana.webp" has "fill" but is missing "sizes" prop. Please add it to improve page performance. Read more: https://nextjs.org/docs/api-reference/next/image#sizes (file://C:/Users/Dell G15/OneDrive/Desktop/projeto juma/.next/dev/static/chunks/node_modules_next_dist_115brz8._.js:2477:13)
[browser] Image with src "/assets/cultures/algodao.webp" has "fill" but is missing "sizes" prop. Please add it to improve page performance. Read more: https://nextjs.org/docs/api-reference/next/image#sizes (file://C:/Users/Dell G15/OneDrive/Desktop/projeto juma/.next/dev/static/chunks/node_modules_next_dist_115brz8._.js:2477:13)
[browser] Image with src "/assets/cultures/feijao.webp" has "fill" but is missing "sizes" prop. Please add it to improve page performance. Read more: https://nextjs.org/docs/api-reference/next/image#sizes (file://C:/Users/Dell G15/OneDrive/Desktop/projeto juma/.next/dev/static/chunks/node_modules_next_dist_115brz8._.js:2477:13)
[browser] Image with src "/assets/cultures/limao.webp" has "fill" but is missing "sizes" prop. Please add it to improve page performance. Read more: https://nextjs.org/docs/api-reference/next/image#sizes (file://C:/Users/Dell G15/OneDrive/Desktop/projeto juma/.next/dev/static/chunks/node_modules_next_dist_115brz8._.js:2477:13)
[browser] Image with src "/assets/cultures/batata.webp" has "fill" but is missing "sizes" prop. Please add it to improve page performance. Read more: https://nextjs.org/docs/api-reference/next/image#sizes (file://C:/Users/Dell G15/OneDrive/Desktop/projeto juma/.next/dev/static/chunks/node_modules_next_dist_115brz8._.js:2477:13)
[browser] Image with src "/assets/cultures/tomate.webp" has "fill" but is missing "sizes" prop. Please add it to improve page performance. Read more: https://nextjs.org/docs/api-reference/next/image#sizes (file://C:/Users/Dell G15/OneDrive/Desktop/projeto juma/.next/dev/static/chunks/node_modules_next_dist_115brz8._.js:2477:13)
[browser] Image with src "/assets/cultures/pastagem.webp" has "fill" but is missing "sizes" prop. Please add it to improve page performance. Read more: https://nextjs.org/docs/api-reference/next/image#sizes (file://C:/Users/Dell G15/OneDrive/Desktop/projeto juma/.next/dev/static/chunks/node_modules_next_dist_115brz8._.js:2477:13)
[browser] Image with src "/assets/cultures/soja.webp" has "fill" but is missing "sizes" prop. Please add it to improve page performance. Read more: https://nextjs.org/docs/api-reference/next/image#sizes (file://C:/Users/Dell G15/OneDrive/Desktop/projeto juma/.next/dev/static/chunks/node_modules_next_dist_115brz8._.js:2477:13)
[browser] Image with src "/assets/cultures/milho.webp" has "fill" but is missing "sizes" prop. Please add it to improve page performance. Read more: https://nextjs.org/docs/api-reference/next/image#sizes (file://C:/Users/Dell G15/OneDrive/Desktop/projeto juma/.next/dev/static/chunks/node_modules_next_dist_115brz8._.js:2477:13)
[browser] Image with src "/assets/cultures/cafe.webp" has "fill" but is missing "sizes" prop. Please add it to improve page performance. Read more: https://nextjs.org/docs/api-reference/next/image#sizes (file://C:/Users/Dell G15/OneDrive/Desktop/projeto juma/.next/dev/static/chunks/node_modules_next_dist_115brz8._.js:2477:13)
[browser] Image with src "/assets/cultures/cana.webp" has "fill" but is missing "sizes" prop. Please add it to improve page performance. Read more: https://nextjs.org/docs/api-reference/next/image#sizes (file://C:/Users/Dell G15/OneDrive/Desktop/projeto juma/.next/dev/static/chunks/node_modules_next_dist_115brz8._.js:2477:13)
[browser] Image with src "/assets/cultures/algodao.webp" has "fill" but is missing "sizes" prop. Please add it to improve page performance. Read more: https://nextjs.org/docs/api-reference/next/image#sizes (file://C:/Users/Dell G15/OneDrive/Desktop/projeto juma/.next/dev/static/chunks/node_modules_next_dist_115brz8._.js:2477:13)
[browser] Image with src "/assets/cultures/feijao.webp" has "fill" but is missing "sizes" prop. Please add it to improve page performance. Read more: https://nextjs.org/docs/api-reference/next/image#sizes (file://C:/Users/Dell G15/OneDrive/Desktop/projeto juma/.next/dev/static/chunks/node_modules_next_dist_115brz8._.js:2477:13)
[browser] Image with src "/assets/cultures/limao.webp" has "fill" but is missing "sizes" prop. Please add it to improve page performance. Read more: https://nextjs.org/docs/api-reference/next/image#sizes (file://C:/Users/Dell G15/OneDrive/Desktop/projeto juma/.next/dev/static/chunks/node_modules_next_dist_115brz8._.js:2477:13)
[browser] Image with src "/assets/cultures/batata.webp" has "fill" but is missing "sizes" prop. Please add it to improve page performance. Read more: https://nextjs.org/docs/api-reference/next/image#sizes (file://C:/Users/Dell G15/OneDrive/Desktop/projeto juma/.next/dev/static/chunks/node_modules_next_dist_115brz8._.js:2477:13)
[browser] Image with src "/assets/cultures/tomate.webp" has "fill" but is missing "sizes" prop. Please add it to improve page performance. Read more: https://nextjs.org/docs/api-reference/next/image#sizes (file://C:/Users/Dell G15/OneDrive/Desktop/projeto juma/.next/dev/static/chunks/node_modules_next_dist_115brz8._.js:2477:13)
[browser] Image with src "/assets/cultures/pastagem.webp" has "fill" but is missing "sizes" prop. Please add it to improve page performance. Read more: https://nextjs.org/docs/api-reference/next/image#sizes (file://C:/Users/Dell G15/OneDrive/Desktop/projeto juma/.next/dev/static/chunks/node_modules_next_dist_115brz8._.js:2477:13)
[browser] Image with src "/assets/cultures/soja.webp" has "fill" but is missing "sizes" prop. Please add it to improve page performance. Read more: https://nextjs.org/docs/api-reference/next/image#sizes (file://C:/Users/Dell G15/OneDrive/Desktop/projeto juma/.next/dev/static/chunks/node_modules_next_dist_115brz8._.js:2477:13)
[browser] Image with src "/assets/cultures/milho.webp" has "fill" but is missing "sizes" prop. Please add it to improve page performance. Read more: https://nextjs.org/docs/api-reference/next/image#sizes (file://C:/Users/Dell G15/OneDrive/Desktop/projeto juma/.next/dev/static/chunks/node_modules_next_dist_115brz8._.js:2477:13)
[browser] Image with src "/assets/cultures/cafe.webp" has "fill" but is missing "sizes" prop. Please add it to improve page performance. Read more: https://nextjs.org/docs/api-reference/next/image#sizes (file://C:/Users/Dell G15/OneDrive/Desktop/projeto juma/.next/dev/static/chunks/node_modules_next_dist_115brz8._.js:2477:13)
[browser] Image with src "/assets/cultures/cana.webp" has "fill" but is missing "sizes" prop. Please add it to improve page performance. Read more: https://nextjs.org/docs/api-reference/next/image#sizes (file://C:/Users/Dell G15/OneDrive/Desktop/projeto juma/.next/dev/static/chunks/node_modules_next_dist_115brz8._.js:2477:13)
[browser] Image with src "/assets/cultures/algodao.webp" has "fill" but is missing "sizes" prop. Please add it to improve page performance. Read more: https://nextjs.org/docs/api-reference/next/image#sizes (file://C:/Users/Dell G15/OneDrive/Desktop/projeto juma/.next/dev/static/chunks/node_modules_next_dist_115brz8._.js:2477:13)
[browser] Image with src "/assets/cultures/feijao.webp" has "fill" but is missing "sizes" prop. Please add it to improve page performance. Read more: https://nextjs.org/docs/api-reference/next/image#sizes (file://C:/Users/Dell G15/OneDrive/Desktop/projeto juma/.next/dev/static/chunks/node_modules_next_dist_115brz8._.js:2477:13)
[browser] Image with src "/assets/cultures/limao.webp" has "fill" but is missing "sizes" prop. Please add it to improve page performance. Read more: https://nextjs.org/docs/api-reference/next/image#sizes (file://C:/Users/Dell G15/OneDrive/Desktop/projeto juma/.next/dev/static/chunks/node_modules_next_dist_115brz8._.js:2477:13)
[browser] Image with src "/assets/cultures/batata.webp" has "fill" but is missing "sizes" prop. Please add it to improve page performance. Read more: https://nextjs.org/docs/api-reference/next/image#sizes (file://C:/Users/Dell G15/OneDrive/Desktop/projeto juma/.next/dev/static/chunks/node_modules_next_dist_115brz8._.js:2477:13)
[browser] Image with src "/assets/cultures/tomate.webp" has "fill" but is missing "sizes" prop. Please add it to improve page performance. Read more: https://nextjs.org/docs/api-reference/next/image#sizes (file://C:/Users/Dell G15/OneDrive/Desktop/projeto juma/.next/dev/static/chunks/node_modules_next_dist_115brz8._.js:2477:13)
[browser] Image with src "/assets/cultures/pastagem.webp" has "fill" but is missing "sizes" prop. Please add it to improve page performance. Read more: https://nextjs.org/docs/api-reference/next/image#sizes (file://C:/Users/Dell G15/OneDrive/Desktop/projeto juma/.next/dev/static/chunks/node_modules_next_dist_115brz8._.js:2477:13)
[browser] Image with src "/assets/cultures/soja.webp" has "fill" but is missing "sizes" prop. Please add it to improve page performance. Read more: https://nextjs.org/docs/api-reference/next/image#sizes (file://C:/Users/Dell G15/OneDrive/Desktop/projeto juma/.next/dev/static/chunks/node_modules_next_dist_115brz8._.js:2477:13)
[browser] Image with src "/assets/cultures/milho.webp" has "fill" but is missing "sizes" prop. Please add it to improve page performance. Read more: https://nextjs.org/docs/api-reference/next/image#sizes (file://C:/Users/Dell G15/OneDrive/Desktop/projeto juma/.next/dev/static/chunks/node_modules_next_dist_115brz8._.js:2477:13)
[browser] Image with src "/assets/cultures/cafe.webp" has "fill" but is missing "sizes" prop. Please add it to improve page performance. Read more: https://nextjs.org/docs/api-reference/next/image#sizes (file://C:/Users/Dell G15/OneDrive/Desktop/projeto juma/.next/dev/static/chunks/node_modules_next_dist_115brz8._.js:2477:13)
[browser] Image with src "/assets/cultures/cana.webp" has "fill" but is missing "sizes" prop. Please add it to improve page performance. Read more: https://nextjs.org/docs/api-reference/next/image#sizes (file://C:/Users/Dell G15/OneDrive/Desktop/projeto juma/.next/dev/static/chunks/node_modules_next_dist_115brz8._.js:2477:13)
[browser] Image with src "/assets/cultures/algodao.webp" has "fill" but is missing "sizes" prop. Please add it to improve page performance. Read more: https://nextjs.org/docs/api-reference/next/image#sizes (file://C:/Users/Dell G15/OneDrive/Desktop/projeto juma/.next/dev/static/chunks/node_modules_next_dist_115brz8._.js:2477:13)
[browser] Image with src "/assets/cultures/feijao.webp" has "fill" but is missing "sizes" prop. Please add it to improve page performance. Read more: https://nextjs.org/docs/api-reference/next/image#sizes (file://C:/Users/Dell G15/OneDrive/Desktop/projeto juma/.next/dev/static/chunks/node_modules_next_dist_115brz8._.js:2477:13)
[browser] Image with src "/assets/cultures/limao.webp" has "fill" but is missing "sizes" prop. Please add it to improve page performance. Read more: https://nextjs.org/docs/api-reference/next/image#sizes (file://C:/Users/Dell G15/OneDrive/Desktop/projeto juma/.next/dev/static/chunks/node_modules_next_dist_115brz8._.js:2477:13)
[browser] Image with src "/assets/cultures/batata.webp" has "fill" but is missing "sizes" prop. Please add it to improve page performance. Read more: https://nextjs.org/docs/api-reference/next/image#sizes (file://C:/Users/Dell G15/OneDrive/Desktop/projeto juma/.next/dev/static/chunks/node_modules_next_dist_115brz8._.js:2477:13)
[browser] Image with src "/assets/cultures/tomate.webp" has "fill" but is missing "sizes" prop. Please add it to improve page performance. Read more: https://nextjs.org/docs/api-reference/next/image#sizes (file://C:/Users/Dell G15/OneDrive/Desktop/projeto juma/.next/dev/static/chunks/node_modules_next_dist_115brz8._.js:2477:13)
[browser] Image with src "/assets/cultures/pastagem.webp" has "fill" but is missing "sizes" prop. Please add it to improve page performance. Read more: https://nextjs.org/docs/api-reference/next/image#sizes (file://C:/Users/Dell G15/OneDrive/Desktop/projeto juma/.next/dev/static/chunks/node_modules_next_dist_115brz8._.js:2477:13)
[browser] Image with src "/assets/cultures/soja.webp" has "fill" but is missing "sizes" prop. Please add it to improve page performance. Read more: https://nextjs.org/docs/api-reference/next/image#sizes (file://C:/Users/Dell G15/OneDrive/Desktop/projeto juma/.next/dev/static/chunks/node_modules_next_dist_115brz8._.js:2477:13)
[browser] Image with src "/assets/cultures/cafe.webp" has "fill" but is missing "sizes" prop. Please add it to improve page performance. Read more: https://nextjs.org/docs/api-reference/next/image#sizes (file://C:/Users/Dell G15/OneDrive/Desktop/projeto juma/.next/dev/static/chunks/node_modules_next_dist_115brz8._.js:2477:13)
[browser] Image with src "/assets/cultures/milho.webp" has "fill" but is missing "sizes" prop. Please add it to improve page performance. Read more: https://nextjs.org/docs/api-reference/next/image#sizes (file://C:/Users/Dell G15/OneDrive/Desktop/projeto juma/.next/dev/static/chunks/node_modules_next_dist_115brz8._.js:2477:13)
[browser] Image with src "/assets/cultures/cana.webp" has "fill" but is missing "sizes" prop. Please add it to improve page performance. Read more: https://nextjs.org/docs/api-reference/next/image#sizes (file://C:/Users/Dell G15/OneDrive/Desktop/projeto juma/.next/dev/static/chunks/node_modules_next_dist_115brz8._.js:2477:13)
[browser] Image with src "/assets/cultures/feijao.webp" has "fill" but is missing "sizes" prop. Please add it to improve page performance. Read more: https://nextjs.org/docs/api-reference/next/image#sizes (file://C:/Users/Dell G15/OneDrive/Desktop/projeto juma/.next/dev/static/chunks/node_modules_next_dist_115brz8._.js:2477:13)
[browser] Image with src "/assets/cultures/limao.webp" has "fill" but is missing "sizes" prop. Please add it to improve page performance. Read more: https://nextjs.org/docs/api-reference/next/image#sizes (file://C:/Users/Dell G15/OneDrive/Desktop/projeto juma/.next/dev/static/chunks/node_modules_next_dist_115brz8._.js:2477:13)
[browser] Image with src "/assets/cultures/algodao.webp" has "fill" but is missing "sizes" prop. Please add it to improve page performance. Read more: https://nextjs.org/docs/api-reference/next/image#sizes (file://C:/Users/Dell G15/OneDrive/Desktop/projeto juma/.next/dev/static/chunks/node_modules_next_dist_115brz8._.js:2477:13)
[browser] Image with src "/assets/cultures/batata.webp" has "fill" but is missing "sizes" prop. Please add it to improve page performance. Read more: https://nextjs.org/docs/api-reference/next/image#sizes (file://C:/Users/Dell G15/OneDrive/Desktop/projeto juma/.next/dev/static/chunks/node_modules_next_dist_115brz8._.js:2477:13)
[browser] Image with src "/assets/cultures/tomate.webp" has "fill" but is missing "sizes" prop. Please add it to improve page performance. Read more: https://nextjs.org/docs/api-reference/next/image#sizes (file://C:/Users/Dell G15/OneDrive/Desktop/projeto juma/.next/dev/static/chunks/node_modules_next_dist_115brz8._.js:2477:13)
[browser] Image with src "/assets/cultures/pastagem.webp" has "fill" but is missing "sizes" prop. Please add it to improve page performance. Read more: https://nextjs.org/docs/api-reference/next/image#sizes (file://C:/Users/Dell G15/OneDrive/Desktop/projeto juma/.next/dev/static/chunks/node_modules_next_dist_115brz8._.js:2477:13)
[browser] Image with src "/assets/cultures/soja.webp" has "fill" but is missing "sizes" prop. Please add it to improve page performance. Read more: https://nextjs.org/docs/api-reference/next/image#sizes (file://C:/Users/Dell G15/OneDrive/Desktop/projeto juma/.next/dev/static/chunks/node_modules_next_dist_115brz8._.js:2477:13)
[browser] Image with src "/assets/cultures/milho.webp" has "fill" but is missing "sizes" prop. Please add it to improve page performance. Read more: https://nextjs.org/docs/api-reference/next/image#sizes (file://C:/Users/Dell G15/OneDrive/Desktop/projeto juma/.next/dev/static/chunks/node_modules_next_dist_115brz8._.js:2477:13)
[browser] Image with src "/assets/cultures/cafe.webp" has "fill" but is missing "sizes" prop. Please add it to improve page performance. Read more: https://nextjs.org/docs/api-reference/next/image#sizes (file://C:/Users/Dell G15/OneDrive/Desktop/projeto juma/.next/dev/static/chunks/node_modules_next_dist_115brz8._.js:2477:13)
[browser] Image with src "/assets/cultures/cana.webp" has "fill" but is missing "sizes" prop. Please add it to improve page performance. Read more: https://nextjs.org/docs/api-reference/next/image#sizes (file://C:/Users/Dell G15/OneDrive/Desktop/projeto juma/.next/dev/static/chunks/node_modules_next_dist_115brz8._.js:2477:13)
[browser] Image with src "/assets/cultures/algodao.webp" has "fill" but is missing "sizes" prop. Please add it to improve page performance. Read more: https://nextjs.org/docs/api-reference/next/image#sizes (file://C:/Users/Dell G15/OneDrive/Desktop/projeto juma/.next/dev/static/chunks/node_modules_next_dist_115brz8._.js:2477:13)
[browser] Image with src "/assets/cultures/feijao.webp" has "fill" but is missing "sizes" prop. Please add it to improve page performance. Read more: https://nextjs.org/docs/api-reference/next/image#sizes (file://C:/Users/Dell G15/OneDrive/Desktop/projeto juma/.next/dev/static/chunks/node_modules_next_dist_115brz8._.js:2477:13)
[browser] Image with src "/assets/cultures/limao.webp" has "fill" but is missing "sizes" prop. Please add it to improve page performance. Read more: https://nextjs.org/docs/api-reference/next/image#sizes (file://C:/Users/Dell G15/OneDrive/Desktop/projeto juma/.next/dev/static/chunks/node_modules_next_dist_115brz8._.js:2477:13)
[browser] Image with src "/assets/cultures/batata.webp" has "fill" but is missing "sizes" prop. Please add it to improve page performance. Read more: https://nextjs.org/docs/api-reference/next/image#sizes (file://C:/Users/Dell G15/OneDrive/Desktop/projeto juma/.next/dev/static/chunks/node_modules_next_dist_115brz8._.js:2477:13)
[browser] Image with src "/assets/cultures/tomate.webp" has "fill" but is missing "sizes" prop. Please add it to improve page performance. Read more: https://nextjs.org/docs/api-reference/next/image#sizes (file://C:/Users/Dell G15/OneDrive/Desktop/projeto juma/.next/dev/static/chunks/node_modules_next_dist_115brz8._.js:2477:13)
[browser] Image with src "/assets/cultures/pastagem.webp" has "fill" but is missing "sizes" prop. Please add it to improve page performance. Read more: https://nextjs.org/docs/api-reference/next/image#sizes (file://C:/Users/Dell G15/OneDrive/Desktop/projeto juma/.next/dev/static/chunks/node_modules_next_dist_115brz8._.js:2477:13)
